<?xml version="1.0" encoding="UTF-8"?>
<!-- Generated by org.testng.reporters.JUnitReportReporter -->
<testsuite hostname="DESKTOP-1QSVHTS" failures="0" tests="2" name="qsp.new1" time="8.430" errors="0" timestamp="2023-12-12T16:14:34 IST" skipped="0">
  <testcase classname="qsp.new1" name="Test1" time="5.406"/>
  <system-out/>
  <testcase classname="qsp.new1" name="Test2" time="3.024"/>
  <system-out/>
</testsuite> <!-- qsp.new1 -->
