<?xml version="1.0" encoding="UTF-8"?>
<!-- Generated by org.testng.reporters.JUnitReportReporter -->
<testsuite hostname="DESKTOP-1QSVHTS" failures="0" tests="1" name="Testng.Testcase2" time="13.392" errors="0" timestamp="2023-12-15T14:29:30 IST" skipped="0">
  <testcase classname="Testng.Testcase2" name="validlogin" time="13.392"/>
  <system-out/>
</testsuite> <!-- Testng.Testcase2 -->
