<?xml version="1.0" encoding="UTF-8"?>
<!-- Generated by org.testng.reporters.JUnitReportReporter -->
<testsuite hostname="DESKTOP-1QSVHTS" failures="0" tests="1" name="Functional.Demo1" time="0.005" errors="0" timestamp="2023-12-13T16:04:11 IST" skipped="0">
  <testcase classname="Functional.Demo1" name="Test1" time="0.005"/>
  <system-out>
    <![CDATA[hello]]>
  </system-out>
</testsuite> <!-- Functional.Demo1 -->
