<?xml version="1.0" encoding="UTF-8"?>
<!-- Generated by org.testng.reporters.JUnitReportReporter -->
<testsuite hostname="DESKTOP-1QSVHTS" failures="0" tests="1" name="Testng.Runnerscript" time="14.847" errors="0" timestamp="2023-12-13T17:14:22 IST" skipped="0">
  <testcase classname="Testng.Runnerscript" name="validlogin" time="14.847"/>
  <system-out/>
</testsuite> <!-- Testng.Runnerscript -->
