<?xml version="1.0" encoding="UTF-8"?>
<!-- Generated by org.testng.reporters.JUnitReportReporter -->
<testsuite hostname="DESKTOP-1QSVHTS" failures="0" tests="1" name="qsp.Demo1" time="0.009" errors="0" timestamp="2023-12-12T15:31:59 IST" skipped="0">
  <testcase classname="qsp.Demo1" name="Test1" time="0.009"/>
  <system-out>
    <![CDATA[hello]]>
  </system-out>
</testsuite> <!-- qsp.Demo1 -->
