<?xml version="1.0" encoding="UTF-8"?>
<!-- Generated by org.testng.reporters.JUnitReportReporter -->
<testsuite hostname="DESKTOP-1QSVHTS" failures="0" tests="2" name="Testng.Runner" time="27.879" errors="0" timestamp="2023-12-13T17:21:40 IST" skipped="0">
  <testcase classname="Testng.Runner" name="validlogin" time="14.132"/>
  <system-out/>
  <testcase classname="Testng.Runner" name="logininsta" time="13.747"/>
  <system-out/>
</testsuite> <!-- Testng.Runner -->
