<?xml version="1.0" encoding="UTF-8"?>
<!-- Generated by org.testng.reporters.JUnitReportReporter -->
<testsuite hostname="DESKTOP-1QSVHTS" failures="0" tests="2" name="qsp.Sample3" time="10.785" errors="0" timestamp="2023-12-12T16:56:31 IST" skipped="1">
  <testcase classname="qsp.Sample3" name="Test2" time="10.785"/>
  <system-out/>
  <testcase classname="qsp.Sample3" name="Test1">
    <skipped/>
  </testcase> <!-- Test1 -->
  <system-out/>
</testsuite> <!-- qsp.Sample3 -->
