<?xml version="1.0" encoding="UTF-8"?>
<!-- Generated by org.testng.reporters.JUnitReportReporter -->
<testsuite hostname="DESKTOP-1QSVHTS" failures="0" tests="1" name="Testng.Testcase1" time="14.297" errors="0" timestamp="2023-12-15T14:29:30 IST" skipped="0">
  <testcase classname="Testng.Testcase1" name="validlogin" time="14.297"/>
  <system-out/>
</testsuite> <!-- Testng.Testcase1 -->
