<?xml version="1.0" encoding="UTF-8"?>
<!-- Generated by org.testng.reporters.JUnitReportReporter -->
<testsuite hostname="DESKTOP-1QSVHTS" failures="0" tests="2" name="Functional1.sample" time="34.465" errors="0" timestamp="2023-12-13T16:04:11 IST" skipped="0">
  <testcase classname="Functional1.sample" name="Test2" time="16.352"/>
  <system-out/>
  <testcase classname="Functional1.sample" name="Test1" time="18.113"/>
  <system-out/>
</testsuite> <!-- Functional1.sample -->
