<?xml version="1.0" encoding="UTF-8"?>
<!-- Generated by org.testng.reporters.JUnitReportReporter -->
<testsuite hostname="DESKTOP-1QSVHTS" failures="0" tests="4" name="qsp.invocation" time="27.669" errors="0" timestamp="2023-12-12T17:18:38 IST" skipped="0">
  <testcase classname="qsp.invocation" name="test2" time="7.259"/>
  <system-out/>
  <testcase classname="qsp.invocation" name="test1" time="6.809"/>
  <system-out/>
  <testcase classname="qsp.invocation" name="test1" time="6.727"/>
  <system-out/>
  <testcase classname="qsp.invocation" name="test1" time="6.874"/>
  <system-out/>
</testsuite> <!-- qsp.invocation -->
