<?xml version="1.0" encoding="UTF-8"?>
<!-- Generated by org.testng.reporters.JUnitReportReporter -->
<testsuite hostname="DESKTOP-1QSVHTS" failures="0" tests="1" name="qsp.Demo2" time="0.001" errors="0" timestamp="2023-12-12T15:31:59 IST" skipped="0">
  <testcase classname="qsp.Demo2" name="Test3" time="0.001"/>
  <system-out>
    <![CDATA[world]]>
  </system-out>
</testsuite> <!-- qsp.Demo2 -->
