<?xml version="1.0" encoding="UTF-8"?>
<!-- Generated by org.testng.reporters.JUnitReportReporter -->
<testsuite hostname="DESKTOP-1QSVHTS" failures="0" tests="2" name="qsp.sample" time="24.528" errors="0" timestamp="2023-12-12T16:46:56 IST" skipped="0">
  <testcase classname="qsp.sample" name="Test2" time="11.741"/>
  <system-out/>
  <testcase classname="qsp.sample" name="Test1" time="12.787"/>
  <system-out/>
</testsuite> <!-- qsp.sample -->
