<?xml version="1.0" encoding="UTF-8"?>
<!-- Generated by org.testng.reporters.JUnitReportReporter -->
<testsuite hostname="DESKTOP-1QSVHTS" failures="0" tests="1" name="Functional.Demo2" time="0.005" errors="0" timestamp="2023-12-13T16:04:11 IST" skipped="0">
  <testcase classname="Functional.Demo2" name="Test3" time="0.005"/>
  <system-out>
    <![CDATA[world]]>
  </system-out>
</testsuite> <!-- Functional.Demo2 -->
